<?xml version="1.0" encoding="UTF-8"?>
<!-- Generated by org.testng.reporters.JUnitReportReporter -->
<testsuite hostname="LAPTOP-71FSQ3TI" failures="0" tests="1" name="sharwaday06.day6.testng3" time="11.149" errors="0" timestamp="2023-04-27T16:00:46 IST" skipped="0">
  <testcase classname="sharwaday06.day6.testng3" name="TC_001" time="11.149"/>
  <system-out/>
</testsuite> <!-- sharwaday06.day6.testng3 -->
