<?xml version="1.0" encoding="UTF-8"?>
<!-- Generated by org.testng.reporters.JUnitReportReporter -->
<testsuite hostname="LAPTOP-71FSQ3TI" failures="0" tests="1" name="sharwaday06.day6.testng1" time="11.841" errors="0" timestamp="2023-04-27T15:47:47 IST" skipped="0">
  <testcase classname="sharwaday06.day6.testng1" name="TC_001" time="11.841"/>
  <system-out/>
</testsuite> <!-- sharwaday06.day6.testng1 -->
