<?xml version="1.0" encoding="UTF-8"?>
<!-- Generated by org.testng.reporters.JUnitReportReporter -->
<testsuite hostname="LAPTOP-71FSQ3TI" failures="0" tests="1" name="Test1" time="77.749" errors="0" timestamp="2023-04-27T12:03:12 IST" skipped="0">
  <testcase classname="Test1" name="TC_001" time="77.749"/>
  <system-out/>
</testsuite> <!-- Test1 -->
