<?xml version="1.0" encoding="UTF-8"?>
<!-- Generated by org.testng.reporters.JUnitReportReporter -->
<testsuite hostname="LAPTOP-71FSQ3TI" failures="0" tests="1" name="sharwaday06.day6.testng4" time="14.193" errors="0" timestamp="2023-05-03T14:02:21 IST" skipped="0">
  <testcase classname="sharwaday06.day6.testng4" name="TC_001" time="14.193"/>
  <system-out/>
</testsuite> <!-- sharwaday06.day6.testng4 -->
